<?xml version="1.0" encoding="UTF-8"?>
<testsuite xmlns:xsi="http://www.w3.org/2001/XMLSchema-instance" xsi:noNamespaceSchemaLocation="https://maven.apache.org/surefire/maven-surefire-plugin/xsd/surefire-test-report-3.0.xsd" version="3.0" name="edu.brown.cs.student.boggle.BoardTest" time="0.528" tests="5" errors="0" skipped="0" failures="0">
  <properties>
[...]
</properties>
  <testcase name="testScore" classname="edu.brown.cs.student.boggle.BoardTest" time="0.005"/>
  <testcase name="testPlay" classname="edu.brown.cs.student.boggle.BoardTest" time="0"/>
  <testcase name="testToString" classname="edu.brown.cs.student.boggle.BoardTest" time="0.256"/>
  <testcase name="testRandomConstruction" classname="edu.brown.cs.student.boggle.BoardTest" time="0.065"/>
  <testcase name="testSpecificConstruction" classname="edu.brown.cs.student.boggle.BoardTest" time="0"/>
</testsuite>